BEGIN
Thu Apr  9 09:44:21 EDT 1998
BEGIN
Thu Apr  9 09:44:49 EDT 1998
BEGIN
Thu Apr  9 09:45:47 EDT 1998
 8 S 60001  4978  4974  0  76 24 f64b8330    524 f62a62b6 ?        0:00 timesvr
 8 S 60001  4974  4940  1  96 24 f63d3cc8    524 f62a646e ?        0:00 timesvr
 8 S 60001  4842     1  0  53 24 f624d9a0    527 f62a637e ?        0:00 wtimer
 8 S 60001  4979  4974  0  86 24 f63d3668    524 f62a6f86 ?        0:00 timesvr
 8 S 60001  4961  4940  0  53 24 f6128018    527 f62a650e ?        0:00 wtimer
IPC status from <running system> as of Thu Apr  9 09:45:52 1998
Message Queue facility not in system.
Shared Memory:
m    100 0x0000044f --rw-rw-rw-  shackle      ksg
m    101 0x00000450 --rw-rw-rw-  shackle      ksg
Semaphores:
s  65536 0x0000044f --ra-ra-ra-  shackle      ksg
s  65537 0x00000450 --ra-ra-ra-  shackle      ksg
start_servers.log  timesvr.log        timesvr.pid        timesvr.run
wtimer.log         wtimer.pid         wtimer.run
END
BEGIN
Thu Apr  9 09:54:04 EDT 1998
 8 S 60001  5145  5140  0  99 24 f5fd5998    524 f62a62b6 ?        0:00 timesvr
 8 S 60001  5140  5127  1  99 24 f64b8330    524 f62a6266 ?        0:00 timesvr
 8 S 60001  5144  5140  0  93 24 f63d3668    524 f62a65ae ?        0:00 timesvr
 8 S 60001  5136  5127  0  53 24 f6128018    527 f61e3a2e ?        0:00 wtimer
IPC status from <running system> as of Thu Apr  9 09:54:09 1998
Message Queue facility not in system.
Shared Memory:
m    100 0x0000044f --rw-rw-rw-  shackle      ksg
m    101 0x00000450 --rw-rw-rw-  shackle      ksg
Semaphores:
s  65536 0x0000044f --ra-ra-ra-  shackle      ksg
s  65537 0x00000450 --ra-ra-ra-  shackle      ksg
start_servers.log  timesvr.log        timesvr.pid        timesvr.run
wtimer.log         wtimer.pid         wtimer.run
END
BEGIN
Thu Apr  9 12:35:41 EDT 1998
 8 S 60001  6016  6011  0  86 24 f620ccd0    524 f62a6bc6 ?        0:00 timesvr
 8 S 60001  6007  5998  0  53 24 f6285320    527 f62a669e ?        0:00 wtimer
 8 S 60001  6011  5998  0  96 24 f63d4328    524 f62a641e ?        0:00 timesvr
 8 S 60001  6015  6011  0  76 24 f624d9a0    524 f62a655e ?        0:00 timesvr
IPC status from <running system> as of Thu Apr  9 12:35:46 1998
Message Queue facility not in system.
Shared Memory:
m    100 0x0000044f --rw-rw-rw-  shackle      ksg
m    101 0x00000450 --rw-rw-rw-  shackle      ksg
Semaphores:
s  65536 0x0000044f --ra-ra-ra-  shackle      ksg
s  65537 0x00000450 --ra-ra-ra-  shackle      ksg
start_servers.log  timesvr.log        timesvr.pid        timesvr.run
wtimer.log         wtimer.pid         wtimer.run
END
BEGIN
Sun Apr 12 06:31:14 EDT 1998
 8 S 60001 29334 29330  0  80 24 f6128cd8    524 f647f7e6 ?        0:00 timesvr
 8 S 60001 29330 29317  0  99 24 f60b7ce0    524 f647f746 ?        0:00 timesvr
 8 S 60001 29335 29330  0  90 24 f636f988    524 f647f76e ?        0:00 timesvr
 8 S 60001 29326 29317  1  53 24 f5f96338    527 f647f926 ?        0:00 wtimer
IPC status from <running system> as of Sun Apr 12 06:31:20 1998
Message Queue facility not in system.
Shared Memory:
m    100 0x0000044f --rw-rw-rw-  shackle      ksg
m    101 0x00000450 --rw-rw-rw-  shackle      ksg
Semaphores:
s  65536 0x0000044f --ra-ra-ra-  shackle      ksg
s  65537 0x00000450 --ra-ra-ra-  shackle      ksg
start_servers.log  timesvr.log        timesvr.pid        timesvr.run
wtimer.log         wtimer.pid         wtimer.run
END
BEGIN
Wed Apr 15 16:44:37 EDT 1998
 8 S 60001 13581 13576  0  86 24 f5da2660    524 f5d6c27e ?        0:00 timesvr
 8 S 60001 13576 13563  1  96 24 f620c010    524 f5d6cd46 ?        0:00 timesvr
 8 S 60001 13580 13576  0  76 24 f61f4668    524 f61e3be6 ?        0:00 timesvr
 8 S 60001 13572 13563  0  53 24 f64b7cd0    527 f5d6c45e ?        0:00 wtimer
IPC status from <running system> as of Wed Apr 15 16:44:42 1998
Message Queue facility not in system.
Shared Memory:
m    100 0x0000044f --rw-rw-rw-  shackle      ksg
m    101 0x00000450 --rw-rw-rw-  shackle      ksg
Semaphores:
s  65536 0x0000044f --ra-ra-ra-  shackle      ksg
s  65537 0x00000450 --ra-ra-ra-  shackle      ksg
start_servers.log  timesvr.log        timesvr.pid        timesvr.run
wtimer.log         wtimer.pid         wtimer.run
END
BEGIN
Fri Apr 17 15:38:28 EDT 1998
 8 S 60001 22375 22371  0  56 24 f6235668    524 f61e4af6 ?        0:00 timesvr
 8 S 60001 22371 22358  1  76 24 f61e2320    524 f5d6ca76 ?        0:00 timesvr
 8 S 60001 22367 22358  1  53 24 f636e668    527 f5d6cb66 ?        0:00 wtimer
 8 S 60001 22376 22371  0  66 24 f64b8330    524 f5d6ca9e ?        0:00 timesvr
IPC status from <running system> as of Fri Apr 17 15:38:33 1998
Message Queue facility not in system.
Shared Memory:
m    100 0x0000044f --rw-rw-rw-  shackle      ksg
m    101 0x00000450 --rw-rw-rw-  shackle      ksg
Semaphores:
s  65536 0x0000044f --ra-ra-ra-  shackle      ksg
s  65537 0x00000450 --ra-ra-ra-  shackle      ksg
start_servers.log  timesvr.log        timesvr.pid        timesvr.run
wtimer.log         wtimer.pid         wtimer.run
END
BEGIN
Mon Apr 20 04:14:41 EDT 1998
 8 S 60001  6270  6266  0  73 24 f60b7ce0    524 f61e4bbe ?        0:00 timesvr
 8 S 60001  6266  6253  1  93 24 f6045660    524 f61e416e ?        0:00 timesvr
 8 S 60001  6271  6266  0  83 24 f636e668    524 f61e4056 ?        0:00 timesvr
 8 S 60001  6262  6253  1  53 24 f6046980    527 f61e4c86 ?        0:00 wtimer
IPC status from <running system> as of Mon Apr 20 04:14:47 1998
Message Queue facility not in system.
Shared Memory:
m    100 0x0000044f --rw-rw-rw-  shackle      ksg
m    101 0x00000450 --rw-rw-rw-  shackle      ksg
Semaphores:
s  65536 0x0000044f --ra-ra-ra-  shackle      ksg
s  65537 0x00000450 --ra-ra-ra-  shackle      ksg
start_servers.log  timesvr.log        timesvr.pid        timesvr.run
wtimer.log         wtimer.pid         wtimer.run
END
BEGIN
Mon Apr 20 15:22:34 EDT 1998
 8 S 60001 10405 10401  0  81 24 f610bcc8    524 f5d6c1de ?        0:00 timesvr
 8 S 60001 10406 10401  0  91 24 f620d990    524 f61e3646 ?        0:00 timesvr
 8 S 60001 10397 10388  0  53 24 f6151cd0    527 f61e4236 ?        0:00 wtimer
 8 S 60001 10401 10388  1  99 24 f624cce0    524 f61e33c6 ?        0:00 timesvr
IPC status from <running system> as of Mon Apr 20 15:22:39 1998
Message Queue facility not in system.
Shared Memory:
m    100 0x0000044f --rw-rw-rw-  shackle      ksg
m    101 0x00000450 --rw-rw-rw-  shackle      ksg
Semaphores:
s  65536 0x0000044f --ra-ra-ra-  shackle      ksg
s  65537 0x00000450 --ra-ra-ra-  shackle      ksg
start_servers.log  timesvr.log        timesvr.pid        timesvr.run
wtimer.log         wtimer.pid         wtimer.run
END
BEGIN
Tue Apr 21 01:46:22 EDT 1998
 8 S 60001 14093 14089  0  57 24 f624cce0    524 f61e33c6 ?        0:00 timesvr
 8 S 60001 14089 14076  1  77 24 f610bcc8    524 f6222766 ?        0:00 timesvr
 8 S 60001 14094 14089  0  67 24 f64b8990    524 f62229e6 ?        0:00 timesvr
 8 S 60001 14085 14076  1  53 24 f6151cd0    527 f62228f6 ?        0:00 wtimer
IPC status from <running system> as of Tue Apr 21 01:46:27 1998
Message Queue facility not in system.
Shared Memory:
m    100 0x0000044f --rw-rw-rw-  shackle      ksg
m    101 0x00000450 --rw-rw-rw-  shackle      ksg
Semaphores:
s  65536 0x0000044f --ra-ra-ra-  shackle      ksg
s  65537 0x00000450 --ra-ra-ra-  shackle      ksg
start_servers.log  timesvr.log        timesvr.pid        timesvr.run
wtimer.log         wtimer.pid         wtimer.run
END
BEGIN
BEGIN
Wed Apr 29 19:28:54 EDT 1998
 8 S 60001    53    28  1  92 24 f6026008    524 f66c0d5e ?        0:00 timesvr
 8 S 60001    63    54  0  83 24 f5da2660    524 f66a7f76 ?        0:00 timesvr
 8 S 60001    61    53  0  72 24 f636ecc8    524 f634226e ?        0:00 timesvr
 8 S 60001    54    27  1  93 24 f6026cc8    524 f66a7e86 ?        0:00 timesvr
 8 S 60001    47    28  1  53 24 f5b97cd0    527 f5d6c6de ?        0:00 wtimer
 8 S 60001    45    27  0  53 24 f6045660    527 f66c09ee ?        0:00 wtimer
IPC status from <running system> as of Wed Apr 29 19:28:59 1998
Message Queue facility not in system.
Shared Memory:
m    100 0x0000044f --rw-rw-rw-  shackle      ksg
m    101 0x00000450 --rw-rw-rw-  shackle      ksg
Semaphores:
s  65536 0x0000044f --ra-ra-ra-  shackle      ksg
s  65537 0x00000450 --ra-ra-ra-  shackle      ksg
start_servers.log  timesvr.log        timesvr.pid        timesvr.run
wtimer.log         wtimer.pid         wtimer.run
END
END
BEGIN
Thu Apr 30 12:54:30 EDT 1998
 8 S 60001  8754  8749  0  78 24 f5b97010    524 f66a71b6 ?        0:00 timesvr
 8 S 60001  8749  8736  1  88 24 f6129998    524 f66a7d96 ?        0:00 timesvr
 8 S 60001  8745  8736  1  53 24 f6027988    527 f66a73e6 ?        0:00 wtimer
 8 S 60001  8753  8749  0  68 24 f6045660    524 f66a7b8e ?        0:00 timesvr
IPC status from <running system> as of Thu Apr 30 12:54:36 1998
Message Queue facility not in system.
Shared Memory:
m    100 0x0000044f --rw-rw-rw-  shackle      ksg
m    101 0x00000450 --rw-rw-rw-  shackle      ksg
Semaphores:
s  65536 0x0000044f --ra-ra-ra-  shackle      ksg
s  65537 0x00000450 --ra-ra-ra-  shackle      ksg
start_servers.log  timesvr.log        timesvr.pid        timesvr.run
wtimer.log         wtimer.pid         wtimer.run
END
BEGIN
Sat May  2 18:57:15 EDT 1998
 8 S 60001  1214  1209  0  60 24 f61f0010    524 f61cbfa6 ?        0:00 timesvr
 8 S 60001  1205  1196  1  53 24 f61f1330    527 f61cbeb6 ?        0:00 wtimer
 8 S 60001  1209  1196  1  61 24 f61b2000    524 f60d0026 ?        0:00 timesvr
 8 S 60001  1213  1209  0  59 24 f6174cd8    524 f61cbcfe ?        0:00 timesvr
IPC status from <running system> as of Sat May  2 18:57:20 1998
Message Queue facility not in system.
Shared Memory:
m      0 0x0000044f --rw-rw-rw-   nobody   nobody
m      1 0x00000450 --rw-rw-rw-   nobody   nobody
Semaphores:
s      0 0x0000044f --ra-ra-ra-   nobody   nobody
s      1 0x00000450 --ra-ra-ra-   nobody   nobody
start_servers.log  timesvr.log        timesvr.pid        timesvr.run
wtimer.log         wtimer.pid         wtimer.run
END
BEGIN
Tue May  5 14:41:21 EDT 1998
 8 S 60001 16039 16030  0  53 24 f63e6338    527 f6573fde ?        0:00 wtimer
 8 S 60001 16048 16043  0  67 24 f61f0670    524 f6427afe ?        0:00 timesvr
 8 S 60001 16043 16030  1  77 24 f61d4328    524 f65738ae ?        0:00 timesvr
 8 S 60001 16047 16043  0  57 24 f63e6998    524 f65737e6 ?        0:00 timesvr
IPC status from <running system> as of Tue May  5 14:41:26 1998
Message Queue facility not in system.
Shared Memory:
m    100 0x0000044f --rw-rw-rw-   nobody   nobody
m    101 0x00000450 --rw-rw-rw-   nobody   nobody
Semaphores:
s  65536 0x0000044f --ra-ra-ra-   nobody   nobody
s  65537 0x00000450 --ra-ra-ra-   nobody   nobody
start_servers.log  timesvr.log        timesvr.pid        timesvr.run
wtimer.log         wtimer.pid         wtimer.run
END
BEGIN
Tue May  5 14:42:19 EDT 1998
 8 S 60001 16073 16060  1  98 24 f6174cd8    524 f642787e ?        0:00 timesvr
 8 S 60001 16069 16060  0  53 24 f63e8340    527 f642778e ?        0:00 wtimer
 8 S 60001 16039     1  0  53 24 f63e6338    527 f6573fde ?        0:00 wtimer
 8 S 60001 16048 16043  0  53 24 f61f0670    524 f6427afe ?        0:00 timesvr
 8 S 60001 16043     1  0  77 24 f61d4328    524 f65738ae ?        0:00 timesvr
 8 S 60001 16047 16043  0  53 24 f63e6998    524 f65737e6 ?        0:00 timesvr
IPC status from <running system> as of Tue May  5 14:42:24 1998
Message Queue facility not in system.
Shared Memory:
m    100 0x0000044f --rw-rw-rw-   nobody   nobody
m    101 0x00000450 --rw-rw-rw-   nobody   nobody
Semaphores:
s  65536 0x0000044f --ra-ra-ra-   nobody   nobody
s  65537 0x00000450 --ra-ra-ra-   nobody   nobody
start_servers.log  timesvr.log        timesvr.pid        timesvr.run
wtimer.log         wtimer.pid         wtimer.run
END
BEGIN
Tue May  5 15:44:29 EDT 1998
 8 S 60001 16477 16468  0  53 24 f63e6338    527 f657385e ?        0:00 wtimer
 8 S 60001 16486 16482  0  76 24 f61d4988    524 f65736f6 ?        0:00 timesvr
 8 S 60001 16482 16468  1  96 24 f6174cd8    524 f6573d36 ?        0:00 timesvr
 8 S 60001 16487 16482  0  86 24 f61b2660    524 f657371e ?        0:00 timesvr
IPC status from <running system> as of Tue May  5 15:44:34 1998
Message Queue facility not in system.
Shared Memory:
m    200 0x0000044f --rw-rw-rw-   nobody   nobody
m    201 0x00000450 --rw-rw-rw-   nobody   nobody
Semaphores:
s 131072 0x0000044f --ra-ra-ra-   nobody   nobody
s 131073 0x00000450 --ra-ra-ra-   nobody   nobody
start_servers.log  timesvr.log        timesvr.pid        timesvr.run
wtimer.log         wtimer.pid         wtimer.run
END
BEGIN
Sat May  9 08:15:21 EDT 1998
 8 S 60001  5968  5964  0  73 24 f60f6660    524 f64ce55e ?        0:00 timesvr
 8 S 60001  5964  5951  1  93 24 f60f6cc0    524 f64ce7de ?        0:00 timesvr
 8 S 60001  5960  5951  0  53 24 f613c988    527 f5d79e76 ?        0:00 wtimer
 8 S 60001  5969  5964  0  83 24 f6576988    524 f64ce82e ?        0:00 timesvr
IPC status from <running system> as of Sat May  9 08:15:27 1998
Message Queue facility not in system.
Shared Memory:
m      0 0x00000065 --rw-rw-rw-  stephen      ksg
m      1 0x0000044f --rw-rw-rw-   nobody   nobody
m      2 0x00000450 --rw-rw-rw-   nobody   nobody
Semaphores:
s      0 0x00000065 --ra-ra-ra-  stephen      ksg
s      1 0x0000044f --ra-ra-ra-   nobody   nobody
s      2 0x00000450 --ra-ra-ra-   nobody   nobody
start_servers.log  timesvr.log        timesvr.pid        timesvr.run
wtimer.log         wtimer.pid         wtimer.run
END
BEGIN
Mon May 11 03:12:43 EDT 1998
 8 S 60001  7728  7719  1  53 24 f6471320    527 f64ce356 ?        0:00 wtimer
 8 S 60001  7736  7732  0  65 24 f6470660    524 f5d798fe ?        0:00 timesvr
 8 S 60001  7737  7732  0  75 24 f6567338    524 f64ce536 ?        0:00 timesvr
 8 S 60001  7732  7719  1  85 24 f5f0a330    524 f5d797e6 ?        0:00 timesvr
IPC status from <running system> as of Mon May 11 03:12:49 1998
Message Queue facility not in system.
Shared Memory:
m      0 0x00000065 --rw-rw-rw-  stephen      ksg
m    101 0x0000044f --rw-rw-rw-   nobody   nobody
m    102 0x00000450 --rw-rw-rw-   nobody   nobody
Semaphores:
s      0 0x00000065 --ra-ra-ra-  stephen      ksg
s  65537 0x0000044f --ra-ra-ra-   nobody   nobody
s  65538 0x00000450 --ra-ra-ra-   nobody   nobody
start_servers.log  timesvr.log        timesvr.pid        timesvr.run
wtimer.log         wtimer.pid         wtimer.run
END
BEGIN
Mon May 11 03:13:31 EDT 1998
 8 S 60001  7728     1  0  53 24 f6471320    527 f64ce356 ?        0:00 wtimer
 8 S 60001  7801  7792  0  53 24 f6575668    527 f5d79606 ?        0:00 wtimer
 8 S 60001  7805  7792  1  99 24 f6575cc8    524 f5d796a6 ?        0:00 timesvr
 8 S 60001  7736  7732  0  53 24 f6470660    524 f5d798fe ?        0:00 timesvr
 8 S 60001  7737  7732  0  53 24 f6567338    524 f64ce536 ?        0:00 timesvr
 8 S 60001  7732     1  0  85 24 f5f0a330    524 f5d797e6 ?        0:00 timesvr
IPC status from <running system> as of Mon May 11 03:13:36 1998
Message Queue facility not in system.
Shared Memory:
m      0 0x00000065 --rw-rw-rw-  stephen      ksg
m    101 0x0000044f --rw-rw-rw-   nobody   nobody
m    102 0x00000450 --rw-rw-rw-   nobody   nobody
Semaphores:
s      0 0x00000065 --ra-ra-ra-  stephen      ksg
s  65537 0x0000044f --ra-ra-ra-   nobody   nobody
s  65538 0x00000450 --ra-ra-ra-   nobody   nobody
start_servers.log  timesvr.log        timesvr.pid        timesvr.run
wtimer.log         wtimer.pid         wtimer.run
END
BEGIN
Tue May 12 03:11:17 EDT 1998
 8 S 60001 11661 11648  0  76 24 f6573cc0    524 f60d872e ?        0:00 timesvr
 8 S 60001 11657 11648  1  53 24 f6573000    527 f61dc70e ?        0:00 wtimer
 8 S 60001 11665 11661  0  56 24 f6567338    524 f5d7958e ?        0:00 timesvr
 8 S 60001 11666 11661  0  66 24 f6574320    524 f5d797e6 ?        0:00 timesvr
IPC status from <running system> as of Tue May 12 03:11:22 1998
Message Queue facility not in system.
Shared Memory:
m      0 0x00000065 --rw-rw-rw-  stephen      ksg
m    201 0x00000067 --rw-rw-rw-  stephen      ksg
m    202 0x00000068 --rw-rw-rw-  stephen      ksg
m      3 0x0000044f --rw-rw-rw-   nobody   nobody
m      4 0x00000450 --rw-rw-rw-   nobody   nobody
Semaphores:
s      0 0x00000065 --ra-ra-ra-  stephen      ksg
s 131073 0x00000067 --ra-ra-ra-  stephen      ksg
s 131074 0x00000068 --ra-ra-ra-  stephen      ksg
s      3 0x0000044f --ra-ra-ra-   nobody   nobody
s      4 0x00000450 --ra-ra-ra-   nobody   nobody
start_servers.log  timesvr.log        timesvr.pid        timesvr.run
wtimer.log         wtimer.pid         wtimer.run
END
BEGIN
Tue May 12 08:16:18 EDT 1998
 8 S 60001 12041 12036  0  96 24 f60f6cc0    524 f5d796f6 ?        0:00 timesvr
 8 S 60001 12036 12023  0  99 24 f656dcc0    524 f5d79e76 ?        0:00 timesvr
 8 S 60001 12032 12023  0  53 24 f656e320    527 f5d79246 ?        0:00 wtimer
 8 S 60001 12040 12036  0  86 24 f65a2990    524 f5d79106 ?        0:00 timesvr
IPC status from <running system> as of Tue May 12 08:16:23 1998
Message Queue facility not in system.
Shared Memory:
m      0 0x00000065 --rw-rw-rw-  stephen      ksg
m    201 0x00000067 --rw-rw-rw-  stephen      ksg
m    202 0x00000068 --rw-rw-rw-  stephen      ksg
m    103 0x0000044f --rw-rw-rw-   nobody   nobody
m    104 0x00000450 --rw-rw-rw-   nobody   nobody
Semaphores:
s      0 0x00000065 --ra-ra-ra-  stephen      ksg
s 131073 0x00000067 --ra-ra-ra-  stephen      ksg
s 131074 0x00000068 --ra-ra-ra-  stephen      ksg
s  65539 0x0000044f --ra-ra-ra-   nobody   nobody
s  65540 0x00000450 --ra-ra-ra-   nobody   nobody
start_servers.log  timesvr.log        timesvr.pid        timesvr.run
wtimer.log         wtimer.pid         wtimer.run
END
BEGIN
Sat May 16 08:46:17 EDT 1998
 8 S 60001  6337  6333  0  66 24 f665d668    524 f6055d56 ?        0:00 timesvr
 8 S 60001  6333  6320  0  86 24 f656e980    524 f605578e ?        0:00 timesvr
 8 S 60001  6329  6320  1  53 24 f6373cd0    527 f605564e ?        0:00 wtimer
 8 S 60001  6338  6333  0  76 24 f644a020    524 f6055676 ?        0:00 timesvr
IPC status from <running system> as of Sat May 16 08:46:23 1998
Message Queue facility not in system.
Shared Memory:
m      0 0x00000065 --rw-rw-rw-  stephen      ksg
m    201 0x00000067 --rw-rw-rw-  stephen      ksg
m    202 0x00000068 --rw-rw-rw-  stephen      ksg
m    203 0x00000066 --rw-rw-rw-  stephen      ksg
m    904 0x0000044f --rw-rw-rw-   nobody   nobody
m    705 0x00000450 --rw-rw-rw-   nobody   nobody
Semaphores:
s      0 0x00000065 --ra-ra-ra-  stephen      ksg
s 131073 0x00000067 --ra-ra-ra-  stephen      ksg
s 131074 0x00000068 --ra-ra-ra-  stephen      ksg
s 131075 0x00000066 --ra-ra-ra-  stephen      ksg
s 589828 0x0000044f --ra-ra-ra-   nobody   nobody
s 458757 0x00000450 --ra-ra-ra-   nobody   nobody
start_servers.log  timesvr.log        timesvr.pid        timesvr.run
wtimer.log         wtimer.pid         wtimer.run
END
BEGIN
Tue May 19 20:36:55 EDT 1998
 8 S 60001 27361 27357  0  56 24 f656dcc0    524 f5ffda16 ?        0:00 timesvr
 8 S 60001 27353 27344  0  53 24 f6374330    527 f5ffdd5e ?        0:00 wtimer
 8 S 60001 27357 27344  0  76 24 f613b008    524 f5ffd8fe ?        0:00 timesvr
 8 S 60001 27362 27357  0  66 24 f6152010    524 f5ffd926 ?        0:00 timesvr
IPC status from <running system> as of Tue May 19 20:37:00 1998
Message Queue facility not in system.
Shared Memory:
m      0 0x00000065 --rw-rw-rw-  stephen      ksg
m    201 0x00000067 --rw-rw-rw-  stephen      ksg
m    202 0x00000068 --rw-rw-rw-  stephen      ksg
m    203 0x00000066 --rw-rw-rw-  stephen      ksg
m   1004 0x0000044f --rw-rw-rw-   nobody   nobody
m    805 0x00000450 --rw-rw-rw-   nobody   nobody
Semaphores:
s      0 0x00000065 --ra-ra-ra-  stephen      ksg
s 131073 0x00000067 --ra-ra-ra-  stephen      ksg
s 131074 0x00000068 --ra-ra-ra-  stephen      ksg
s 131075 0x00000066 --ra-ra-ra-  stephen      ksg
s 655364 0x0000044f --ra-ra-ra-   nobody   nobody
s 524293 0x00000450 --ra-ra-ra-   nobody   nobody
start_servers.log  timesvr.log        timesvr.pid        timesvr.run
wtimer.log         wtimer.pid         wtimer.run
END
BEGIN
Sat May 23 07:38:30 EDT 1998
 8 S 60001 24335 24331  0  76 24 f613c988    524 f6568666 ?        0:00 timesvr
 8 S 60001 24331 24318  0  96 24 f665d008    524 f65686b6 ?        0:00 timesvr
 8 S 60001 24336 24331  0  86 24 f613b008    524 f6568706 ?        0:00 timesvr
 8 S 60001 24327 24318  0  53 24 f6152010    527 f5ffdf66 ?        0:00 wtimer
IPC status from <running system> as of Sat May 23 07:38:36 1998
Message Queue facility not in system.
Shared Memory:
m      0 0x00000065 --rw-rw-rw-  stephen      ksg
m    201 0x00000067 --rw-rw-rw-  stephen      ksg
m    202 0x00000068 --rw-rw-rw-  stephen      ksg
m    203 0x00000066 --rw-rw-rw-  stephen      ksg
m   1104 0x0000044f --rw-rw-rw-   nobody   nobody
m    905 0x00000450 --rw-rw-rw-   nobody   nobody
Semaphores:
s      0 0x00000065 --ra-ra-ra-  stephen      ksg
s 131073 0x00000067 --ra-ra-ra-  stephen      ksg
s 131074 0x00000068 --ra-ra-ra-  stephen      ksg
s 131075 0x00000066 --ra-ra-ra-  stephen      ksg
s 720900 0x0000044f --ra-ra-ra-   nobody   nobody
s 589829 0x00000450 --ra-ra-ra-   nobody   nobody
start_servers.log  timesvr.log        timesvr.pid        timesvr.run
wtimer.log         wtimer.pid         wtimer.run
END
BEGIN
Tue May 26 12:18:26 EDT 1998
 8 S 60001   805   796  1  53 24 f6344998    527 f61b3b96 ?        0:00 wtimer
 8 S 60001   809   796  1  77 24 f6366680    524 f61b3556 ?        0:00 timesvr
 8 S 60001   813   809  0  57 24 f6366020    524 f61b37ae ?        0:00 timesvr
 8 S 60001   814   809  0  67 24 f6390cc0    524 f61b3916 ?        0:00 timesvr
IPC status from <running system> as of Tue May 26 12:18:31 1998
Message Queue facility not in system.
Shared Memory:
m      0 0x0000044f --rw-rw-rw-   nobody   nobody
m      1 0x00000450 --rw-rw-rw-   nobody   nobody
Semaphores:
s      0 0x0000044f --ra-ra-ra-   nobody   nobody
s      1 0x00000450 --ra-ra-ra-   nobody   nobody
start_servers.log  timesvr.log        timesvr.pid        timesvr.run
wtimer.log         wtimer.pid         wtimer.run
END
BEGIN
Thu May 28 04:24:15 EDT 1998
 8 S 60001  4848  4835  0  93 24 f6390660    524 f6472bee ?        0:00 timesvr
 8 S 60001  4853  4848  0  83 24 f65a3018    524 f6472e6e ?        0:00 timesvr
 8 S 60001  4852  4848  0  73 24 f65a4338    524 f647219e ?        0:00 timesvr
 8 S 60001  4844  4835  0  53 24 f6343018    527 f6472cde ?        0:00 wtimer
IPC status from <running system> as of Thu May 28 04:24:21 1998
Message Queue facility not in system.
Shared Memory:
m    100 0x0000044f --rw-rw-rw-   nobody   nobody
m    101 0x00000450 --rw-rw-rw-   nobody   nobody
Semaphores:
s  65536 0x0000044f --ra-ra-ra-   nobody   nobody
s  65537 0x00000450 --ra-ra-ra-   nobody   nobody
start_servers.log  timesvr.log        timesvr.pid        timesvr.run
wtimer.log         wtimer.pid         wtimer.run
END
BEGIN
Thu May 28 09:41:10 EDT 1998
 8 S 60001  6305  6300  0  66 24 f65a3cd8    524 f5fbea16 ?        0:00 timesvr
 8 S 60001  6296  6287  0  53 24 f65a3678    527 f5fbece6 ?        0:00 wtimer
 8 S 60001  6300  6287  0  76 24 f658b008    524 f5fbe9ee ?        0:00 timesvr
 8 S 60001  6304  6300  0  56 24 f6266328    524 f5fbef3e ?        0:00 timesvr
IPC status from <running system> as of Thu May 28 09:41:15 1998
Message Queue facility not in system.
Shared Memory:
m    200 0x0000044f --rw-rw-rw-   nobody   nobody
m    201 0x00000450 --rw-rw-rw-   nobody   nobody
Semaphores:
s 131072 0x0000044f --ra-ra-ra-   nobody   nobody
s 131073 0x00000450 --ra-ra-ra-   nobody   nobody
start_servers.log  timesvr.log        timesvr.pid        timesvr.run
wtimer.log         wtimer.pid         wtimer.run
END
BEGIN
Fri May 29 02:20:46 EDT 1998
 8 S 60001 12755 12746  0  53 24 f619f320    527 f5cdff76 ?        0:00 wtimer
 8 S 60001 12764 12760  0  55 24 f6343018    524 f5cdff4e ?        0:00 timesvr
 8 S 60001 12760 12746  0  75 24 f60e8000    524 f5cdffc6 ?        0:00 timesvr
 8 S 60001 12765 12760  0  65 24 f60f1cc8    524 f6472d7e ?        0:00 timesvr
IPC status from <running system> as of Fri May 29 02:20:52 1998
Message Queue facility not in system.
Shared Memory:
m    300 0x0000044f --rw-rw-rw-   nobody   nobody
m    301 0x00000450 --rw-rw-rw-   nobody   nobody
Semaphores:
s 196608 0x0000044f --ra-ra-ra-   nobody   nobody
s 196609 0x00000450 --ra-ra-ra-   nobody   nobody
start_servers.log  timesvr.log        timesvr.pid        timesvr.run
wtimer.log         wtimer.pid         wtimer.run
END
BEGIN
Fri May 29 12:33:27 EDT 1998
 8 S 60001 16100 16094  0  75 24 f65a3018    524 f5cdf3be ?        0:00 timesvr
 8 S 60001 16090 16081  1  53 24 f61d0008    527 f5cdf40e ?        0:00 wtimer
 8 S 60001 16094 16081  1  75 24 f619f320    524 f60719fe ?        0:00 timesvr
 8 S 60001 16099 16094  0  55 24 f65a4338    524 f5cdf5c6 ?        0:00 timesvr
IPC status from <running system> as of Fri May 29 12:33:33 1998
Message Queue facility not in system.
Shared Memory:
m    400 0x0000044f --rw-rw-rw-   nobody   nobody
m    401 0x00000450 --rw-rw-rw-   nobody   nobody
Semaphores:
s 262144 0x0000044f --ra-ra-ra-   nobody   nobody
s 262145 0x00000450 --ra-ra-ra-   nobody   nobody
start_servers.log  timesvr.log        timesvr.pid        timesvr.run
wtimer.log         wtimer.pid         wtimer.run
END
BEGIN
Fri May 29 12:35:31 EDT 1998
 8 S 60001 16126 16117  0  53 24 f65a3cd8    527 f5cdf45e ?        0:00 wtimer
 8 S 60001 16130 16117  0  99 24 f65a3678    524 f5fbe296 ?        0:00 timesvr
 8 S 60001 16100 16094  0  75 24 f65a3018    524 f5cdf3be ?        0:00 timesvr
 8 S 60001 16090     1  0  53 24 f61d0008    527 f5cdf40e ?        0:00 wtimer
 8 S 60001 16094     1  0  75 24 f619f320    524 f60719fe ?        0:00 timesvr
 8 S 60001 16099 16094  0  55 24 f65a4338    524 f5cdf5c6 ?        0:00 timesvr
IPC status from <running system> as of Fri May 29 12:35:36 1998
Message Queue facility not in system.
Shared Memory:
m    400 0x0000044f --rw-rw-rw-   nobody   nobody
m    401 0x00000450 --rw-rw-rw-   nobody   nobody
Semaphores:
s 262144 0x0000044f --ra-ra-ra-   nobody   nobody
s 262145 0x00000450 --ra-ra-ra-   nobody   nobody
start_servers.log  timesvr.log        timesvr.pid        timesvr.run
wtimer.log         wtimer.pid         wtimer.run
END
BEGIN
Fri May 29 12:35:43 EDT 1998
 8 S 60001 16126     1  0  53 24 f65a3cd8    527 f5cdf45e ?        0:00 wtimer
 8 S 60001 16130     1  0  99 24 f65a3678    524 f5fbe296 ?        0:00 timesvr
 8 S 60001 16100 16094  0  75 24 f65a3018    524 f5cdf3be ?        0:00 timesvr
 8 S 60001 16090     1  0  53 24 f61d0008    527 f5cdf40e ?        0:00 wtimer
 8 S 60001 16157 16143  0  99 24 f6343018    524 f607181e ?        0:00 timesvr
 8 S 60001 16094     1  0  75 24 f619f320    524 f60719fe ?        0:00 timesvr
 8 S 60001 16152 16143  0  53 24 f6200670    527 f5cdfb8e ?        0:00 wtimer
 8 S 60001 16099 16094  0  55 24 f65a4338    524 f5cdf5c6 ?        0:00 timesvr
IPC status from <running system> as of Fri May 29 12:35:48 1998
Message Queue facility not in system.
Shared Memory:
m    400 0x0000044f --rw-rw-rw-   nobody   nobody
m    401 0x00000450 --rw-rw-rw-   nobody   nobody
Semaphores:
s 262144 0x0000044f --ra-ra-ra-   nobody   nobody
s 262145 0x00000450 --ra-ra-ra-   nobody   nobody
start_servers.log  timesvr.log        timesvr.pid        timesvr.run
wtimer.log         wtimer.pid         wtimer.run
END
BEGIN
Fri May 29 18:03:47 EDT 1998
 8 S 60001 18232 18218  1  99 24 f65a3678    524 f5cdf90e ?        0:00 timesvr
 8 S 60001 18236 18232  0  86 24 f6200670    524 f5cdfa4e ?        0:00 timesvr
 8 S 60001 18227 18218  0  53 24 f6343018    527 f5fbef3e ?        0:00 wtimer
 8 S 60001 18237 18232  0  96 24 f658b668    524 f64724be ?        0:00 timesvr
IPC status from <running system> as of Fri May 29 18:03:52 1998
Message Queue facility not in system.
Shared Memory:
m    500 0x0000044f --rw-rw-rw-   nobody   nobody
m    501 0x00000450 --rw-rw-rw-   nobody   nobody
Semaphores:
s 327680 0x0000044f --ra-ra-ra-   nobody   nobody
s 327681 0x00000450 --ra-ra-ra-   nobody   nobody
start_servers.log  timesvr.log        timesvr.pid        timesvr.run
wtimer.log         wtimer.pid         wtimer.run
END
BEGIN
Sat May 30 07:00:12 EDT 1998
 8 S 60001 20666 20657  1  53 24 f65a3cd8    527 f607186e ?        0:00 wtimer
 8 S 60001 20675 20670  0  77 24 f65a7340    524 f6686fce ?        0:00 timesvr
 8 S 60001 20674 20670  0  67 24 f619f320    524 f5cdf45e ?        0:00 timesvr
 8 S 60001 20670 20657  1  87 24 f6266988    524 f5cdf6b6 ?        0:00 timesvr
IPC status from <running system> as of Sat May 30 07:00:17 1998
Message Queue facility not in system.
Shared Memory:
m    600 0x0000044f --rw-rw-rw-   nobody   nobody
m    601 0x00000450 --rw-rw-rw-   nobody   nobody
Semaphores:
s 393216 0x0000044f --ra-ra-ra-   nobody   nobody
s 393217 0x00000450 --ra-ra-ra-   nobody   nobody
start_servers.log  timesvr.log        timesvr.pid        timesvr.run
wtimer.log         wtimer.pid         wtimer.run
END
BEGIN
Mon Jun  1 04:26:03 EDT 1998
 8 S 60001 28472 28467  0  75 24 f66fc328    524 f67124be ?        0:00 timesvr
 8 S 60001 28463 28454  0  53 24 f6200670    527 f6712536 ?        0:00 wtimer
 8 S 60001 28467 28454  1  85 24 f6343018    524 f67124e6 ?        0:00 timesvr
 8 S 60001 28471 28467  0  75 24 f65a6020    524 f67125ae ?        0:00 timesvr
IPC status from <running system> as of Mon Jun  1 04:26:09 1998
Message Queue facility not in system.
Shared Memory:
m    700 0x0000044f --rw-rw-rw-   nobody   nobody
m    701 0x00000450 --rw-rw-rw-   nobody   nobody
Semaphores:
s 458752 0x0000044f --ra-ra-ra-   nobody   nobody
s 458753 0x00000450 --ra-ra-ra-   nobody   nobody
start_servers.log  timesvr.log        timesvr.pid        timesvr.run
wtimer.log         wtimer.pid         wtimer.run
END
BEGIN
Tue Jun  2 09:55:44 EDT 1998
 8 S 60001 28085 28080  0  67 24 f66fb008    524 f6712a5e ?        0:00 timesvr
 8 S 60001 28075 28064  1  53 24 f658b668    527 f6b3e0b6 ?        0:00 wtimer
 8 S 60001 28080 28064  1  77 24 f613ccd0    524 f6b3e746 ?        0:00 timesvr
 8 S 60001 28084 28080  0  57 24 f670e020    524 f6b3eb56 ?        0:00 timesvr
IPC status from <running system> as of Tue Jun  2 09:55:50 1998
Message Queue facility not in system.
Shared Memory:
m    800 0x0000044f --rw-rw-rw-   nobody   nobody
m    801 0x00000450 --rw-rw-rw-   nobody   nobody
Semaphores:
s 524288 0x0000044f --ra-ra-ra-   nobody   nobody
s 524289 0x00000450 --ra-ra-ra-   nobody   nobody
start_servers.log  timesvr.log        timesvr.pid        timesvr.run
wtimer.log         wtimer.pid         wtimer.run
END
BEGIN
Fri Jun  5 23:13:09 EDT 1998
 8 S 60001  1879  1870  0  53 24 f670e680    527 f6712306 ?        0:00 wtimer
 8 S 60001  1888  1883  0  83 24 f5dee998    524 f5c7a8ee ?        0:00 timesvr
 8 S 60001  1883  1870  0  93 24 f60f1cc8    524 f68bc666 ?        0:00 timesvr
 8 S 60001  1887  1883  0  73 24 f65a6020    524 f60717a6 ?        0:00 timesvr
IPC status from <running system> as of Fri Jun  5 23:13:15 1998
Message Queue facility not in system.
Shared Memory:
m    900 0x0000044f --rw-rw-rw-   nobody   nobody
m    901 0x00000450 --rw-rw-rw-   nobody   nobody
Semaphores:
s 589824 0x0000044f --ra-ra-ra-   nobody   nobody
s 589825 0x00000450 --ra-ra-ra-   nobody   nobody
start_servers.log  timesvr.log        timesvr.pid        timesvr.run
wtimer.log         wtimer.pid         wtimer.run
END
BEGIN
Sat Jun  6 08:17:15 EDT 1998
 8 S 60001  4334  4329  0  96 24 f65a4998    524 f68bc9d6 ?        0:00 timesvr
 8 S 60001  4329  4316  1  99 24 f670f340    524 f68bc666 ?        0:00 timesvr
 8 S 60001  4325  4316  0  53 24 f6200cd0    527 f6712306 ?        0:00 wtimer
 8 S 60001  4333  4329  0  86 24 f65a3cd8    524 f68bcde6 ?        0:00 timesvr
IPC status from <running system> as of Sat Jun  6 08:17:20 1998
Message Queue facility not in system.
Shared Memory:
m   1000 0x0000044f --rw-rw-rw-   nobody   nobody
m   1001 0x00000450 --rw-rw-rw-   nobody   nobody
Semaphores:
s 655360 0x0000044f --ra-ra-ra-   nobody   nobody
s 655361 0x00000450 --ra-ra-ra-   nobody   nobody
start_servers.log  timesvr.log        timesvr.pid        timesvr.run
wtimer.log         wtimer.pid         wtimer.run
END
BEGIN
Mon Jun  8 00:27:51 EDT 1998
 8 S 60001 12636 12627  1  53 24 f6343cd8    527 f5c7a48e ?        0:00 wtimer
 8 S 60001 12640 12627  1  85 24 f658c988    524 f6712306 ?        0:00 timesvr
 8 S 60001 12645 12640  0  75 24 f613ccd0    524 f5c7a376 ?        0:00 timesvr
 8 S 60001 12644 12640  0  65 24 f670e680    524 f5c7a0ce ?        0:00 timesvr
IPC status from <running system> as of Mon Jun  8 00:27:58 1998
Message Queue facility not in system.
Shared Memory:
m   1100 0x0000044f --rw-rw-rw-   nobody   nobody
m   1101 0x00000450 --rw-rw-rw-   nobody   nobody
Semaphores:
s 720896 0x0000044f --ra-ra-ra-   nobody   nobody
s 720897 0x00000450 --ra-ra-ra-   nobody   nobody
start_servers.log  timesvr.log        timesvr.pid        timesvr.run
wtimer.log         wtimer.pid         wtimer.run
END
BEGIN
Mon Jun  8 08:29:35 EDT 1998
 8 S 60001 14636 14627  0  53 24 f5dedcd8    527 f65bad06 ?        0:00 wtimer
 8 S 60001 14640 14627  1  85 24 f613c010    524 f65badf6 ?        0:00 timesvr
 8 S 60001 14644 14640  0  65 24 f6200cd0    524 f5c7abbe ?        0:00 timesvr
 8 S 60001 14645 14640  0  75 24 f65a7340    524 f5c7ad4e ?        0:00 timesvr
IPC status from <running system> as of Mon Jun  8 08:29:41 1998
Message Queue facility not in system.
Shared Memory:
m   1200 0x0000044f --rw-rw-rw-   nobody   nobody
m   1201 0x00000450 --rw-rw-rw-   nobody   nobody
Semaphores:
s 786432 0x0000044f --ra-ra-ra-   nobody   nobody
s 786433 0x00000450 --ra-ra-ra-   nobody   nobody
start_servers.log  timesvr.log        timesvr.pid        timesvr.run
wtimer.log         wtimer.pid         wtimer.run
END
BEGIN
Mon Jun  8 10:56:13 EDT 1998
 8 S 60001 15716 15702  1  85 24 f6200cd0    524 f65ba676 ?        0:00 timesvr
 8 S 60001 15711 15702  1  53 24 f670f340    527 f65ba5fe ?        0:00 wtimer
 8 S 60001 15721 15716  0  75 24 f66fc988    524 f6b3e066 ?        0:00 timesvr
 8 S 60001 15720 15716  0  65 24 f65a6020    524 f5c7ad4e ?        0:00 timesvr
IPC status from <running system> as of Mon Jun  8 10:56:19 1998
Message Queue facility not in system.
Shared Memory:
m   1300 0x0000044f --rw-rw-rw-   nobody   nobody
m   1301 0x00000450 --rw-rw-rw-   nobody   nobody
Semaphores:
s 851968 0x0000044f --ra-ra-ra-   nobody   nobody
s 851969 0x00000450 --ra-ra-ra-   nobody   nobody
start_servers.log  timesvr.log        timesvr.pid        timesvr.run
wtimer.log         wtimer.pid         wtimer.run
END
BEGIN
Mon Jun  8 13:00:42 EDT 1998
 8 S 60001 17191 17178  1  96 24 f6343cd8    524 f68bcac6 ?        0:00 timesvr
 8 S 60001 17196 17191  0  86 24 f6367340    524 f5c7a056 ?        0:00 timesvr
 8 S 60001 17195 17191  0  76 24 f6366680    524 f65ba446 ?        0:00 timesvr
 8 S 60001 17187 17178  0  53 24 f670f340    527 f5c7a48e ?        0:00 wtimer
IPC status from <running system> as of Mon Jun  8 13:00:47 1998
Message Queue facility not in system.
Shared Memory:
m   1400 0x0000044f --rw-rw-rw-   nobody   nobody
m   1401 0x00000450 --rw-rw-rw-   nobody   nobody
Semaphores:
s 917504 0x0000044f --ra-ra-ra-   nobody   nobody
s 917505 0x00000450 --ra-ra-ra-   nobody   nobody
start_servers.log  timesvr.log        timesvr.pid        timesvr.run
wtimer.log         wtimer.pid         wtimer.run
END
BEGIN
Tue Jun  9 00:41:07 EDT 1998
 8 S 60001 22654 22649  0  65 24 f6200cd0    524 f65ba946 ?        0:00 timesvr
 8 S 60001 22653 22649  0  55 24 f65a6020    524 f65ba9be ?        0:00 timesvr
 8 S 60001 22645 22636  0  53 24 f65a3678    527 f65ba3f6 ?        0:00 wtimer
 8 S 60001 22649 22636  0  75 24 f65a3cd8    524 f65babee ?        0:00 timesvr
IPC status from <running system> as of Tue Jun  9 00:41:12 1998
Message Queue facility not in system.
Shared Memory:
m   1500 0x0000044f --rw-rw-rw-   nobody   nobody
m   1501 0x00000450 --rw-rw-rw-   nobody   nobody
Semaphores:
s 983040 0x0000044f --ra-ra-ra-   nobody   nobody
s 983041 0x00000450 --ra-ra-ra-   nobody   nobody
start_servers.log  timesvr.log        timesvr.pid        timesvr.run
wtimer.log         wtimer.pid         wtimer.run
END
BEGIN
Wed Jun 10 07:03:19 EDT 1998
 8 S 60001  4802  4797  0  63 24 f60f1cc8    524 f59499ee ?        0:00 timesvr
 8 S 60001  4797  4782  0  73 24 f6367340    524 f5949c46 ?        0:00 timesvr
 8 S 60001  4792  4782  0  53 24 f65a3cd8    527 f65ba9e6 ?        0:00 wtimer
 8 S 60001  4801  4797  0  53 24 f5d5e338    524 f65ba05e ?        0:00 timesvr
IPC status from <running system> as of Wed Jun 10 07:03:24 1998
Message Queue facility not in system.
Shared Memory:
m   1700 0x0000044f --rw-rw-rw-   nobody   nobody
m   1701 0x00000450 --rw-rw-rw-   nobody   nobody
Semaphores:
s1114112 0x0000044f --ra-ra-ra-   nobody   nobody
s1114113 0x00000450 --ra-ra-ra-   nobody   nobody
start_servers.log  timesvr.log        timesvr.pid        timesvr.run
wtimer.log         wtimer.pid         wtimer.run
END
BEGIN
Fri Jun 12 18:45:42 EDT 1998
 8 S 60001   759   750  1  53 24 f65a6020    527 f5ebca76 ?        0:00 wtimer
 8 S 60001   767   763  0  57 24 f6789010    524 f5ebca26 ?        0:00 timesvr
 8 S 60001   768   763  0  67 24 f65a4338    524 f5949516 ?        0:00 timesvr
 8 S 60001   763   750  1  77 24 f5dedcd8    524 f65bac3e ?        0:00 timesvr
IPC status from <running system> as of Fri Jun 12 18:45:47 1998
Message Queue facility not in system.
Shared Memory:
m   1800 0x0000044f --rw-rw-rw-   nobody   nobody
m   1801 0x00000450 --rw-rw-rw-   nobody   nobody
Semaphores:
s1179648 0x0000044f --ra-ra-ra-   nobody   nobody
s1179649 0x00000450 --ra-ra-ra-   nobody   nobody
start_servers.log  timesvr.log        timesvr.pid        timesvr.run
wtimer.log         wtimer.pid         wtimer.run
END
BEGIN
Sat Jun 13 09:28:45 EDT 1998
 8 S 60001  3225  3220  0  75 24 f678a330    524 f59496ce ?        0:00 timesvr
 8 S 60001  3224  3220  0  65 24 f6265cc8    524 f5ebc576 ?        0:00 timesvr
 8 S 60001  3216  3207  1  53 24 f5dee998    527 f5ebca9e ?        0:00 wtimer
 8 S 60001  3220  3207  1  85 24 f6343678    524 f5ebc72e ?        0:00 timesvr
IPC status from <running system> as of Sat Jun 13 09:28:50 1998
Message Queue facility not in system.
Shared Memory:
m   1900 0x0000044f --rw-rw-rw-   nobody   nobody
m   1901 0x00000450 --rw-rw-rw-   nobody   nobody
Semaphores:
s1245184 0x0000044f --ra-ra-ra-   nobody   nobody
s1245185 0x00000450 --ra-ra-ra-   nobody   nobody
start_servers.log  timesvr.log        timesvr.pid        timesvr.run
wtimer.log         wtimer.pid         wtimer.run
END
BEGIN
Sun Jun 14 20:27:51 EDT 1998
 8 S 60001  7608  7595  1  77 24 f66fc988    524 f5e4a5fe ?        0:00 timesvr
 8 S 60001  7613  7608  0  67 24 f65a3cd8    524 f5e4aafe ?        0:00 timesvr
 8 S 60001  7612  7608  0  57 24 f61d0008    524 f5e4a126 ?        0:00 timesvr
 8 S 60001  7604  7595  1  53 24 f5f87660    527 f5e4a14e ?        0:00 wtimer
IPC status from <running system> as of Sun Jun 14 20:27:57 1998
Message Queue facility not in system.
Shared Memory:
m   2000 0x0000044f --rw-rw-rw-   nobody   nobody
m   2001 0x00000450 --rw-rw-rw-   nobody   nobody
Semaphores:
s1310720 0x0000044f --ra-ra-ra-   nobody   nobody
s1310721 0x00000450 --ra-ra-ra-   nobody   nobody
start_servers.log  timesvr.log        timesvr.pid        timesvr.run
wtimer.log         wtimer.pid         wtimer.run
END
BEGIN
Mon Jun 15 17:46:07 EDT 1998
 8 S 60001 15593 15584  0  53 24 f619ecc0    527 f68bc40e ?        0:00 wtimer
 8 S 60001 15602 15597  0  86 24 f678c998    524 f61b3f06 ?        0:00 timesvr
 8 S 60001 15601 15597  0  76 24 f61d1988    524 f65bada6 ?        0:00 timesvr
 8 S 60001 15597 15584  1  96 24 f615c680    524 f5e4a23e ?        0:00 timesvr
IPC status from <running system> as of Mon Jun 15 17:46:13 1998
Message Queue facility not in system.
Shared Memory:
m   2100 0x0000044f --rw-rw-rw-   nobody   nobody
m   2101 0x00000450 --rw-rw-rw-   nobody   nobody
Semaphores:
s1376256 0x0000044f --ra-ra-ra-   nobody   nobody
s1376257 0x00000450 --ra-ra-ra-   nobody   nobody
start_servers.log  timesvr.log        timesvr.pid        timesvr.run
wtimer.log         wtimer.pid         wtimer.run
END
BEGIN
Sat Jun 20 07:46:41 EDT 1998
 8 S 60001  6888  6879  1  53 24 f6789670    527 f6326a4e ?        0:00 wtimer
 8 S 60001  6892  6879  1  85 24 f6343cd8    524 f59498fe ?        0:00 timesvr
 8 S 60001  6897  6892  0  75 24 f61d0668    524 f6435446 ?        0:00 timesvr
 8 S 60001  6896  6892  0  65 24 f670ece0    524 f65d63c6 ?        0:00 timesvr
IPC status from <running system> as of Sat Jun 20 07:46:47 1998
Message Queue facility not in system.
Shared Memory:
m   2200 0x0000044f --rw-rw-rw-   nobody   nobody
m   2201 0x00000450 --rw-rw-rw-   nobody   nobody
Semaphores:
s1441792 0x0000044f --ra-ra-ra-   nobody   nobody
s1441793 0x00000450 --ra-ra-ra-   nobody   nobody
start_servers.log  timesvr.log        timesvr.pid        timesvr.run
wtimer.log         wtimer.pid         wtimer.run
END
BEGIN
Sun Jun 21 03:37:51 EDT 1998
 8 S 60001 10468 10459  0  53 24 f615c680    527 f6435d06 ?        0:00 wtimer
 8 S 60001 10477 10472  0  59 24 f6266988    524 f64353a6 ?        0:00 timesvr
 8 S 60001 10472 10459  0  79 24 f6390660    524 f65d67d6 ?        0:00 timesvr
 8 S 60001 10478 10472  0  69 24 f61d0668    524 f643523e ?        0:00 timesvr
IPC status from <running system> as of Sun Jun 21 03:37:57 1998
Message Queue facility not in system.
Shared Memory:
m   2300 0x0000044f --rw-rw-rw-   nobody   nobody
m   2301 0x00000450 --rw-rw-rw-   nobody   nobody
Semaphores:
s1507328 0x0000044f --ra-ra-ra-   nobody   nobody
s1507329 0x00000450 --ra-ra-ra-   nobody   nobody
start_servers.log  timesvr.log        timesvr.pid        timesvr.run
wtimer.log         wtimer.pid         wtimer.run
END
BEGIN
Sat Jun 27 16:26:36 EDT 1998
 8 S 60001 15499 15490  1  53 24 f638ccc0    527 f61d9736 ?        0:00 wtimer
 8 S 60001 15503 15490  0  76 24 f615c668    524 f64be52e ?        0:00 timesvr
 8 S 60001 15508 15503  0  66 24 f5e91668    524 f64be5ce ?        0:00 timesvr
 8 S 60001 15507 15503  0  56 24 f638d980    524 f64be696 ?        0:00 timesvr
IPC status from <running system> as of Sat Jun 27 16:26:42 1998
Message Queue facility not in system.
Shared Memory:
m      0 0x0000044f --rw-rw-rw-   nobody   nobody
m      1 0x00000450 --rw-rw-rw-   nobody   nobody
Semaphores:
s      0 0x0000044f --ra-ra-ra-   nobody   nobody
s      1 0x00000450 --ra-ra-ra-   nobody   nobody
start_servers.log  timesvr.log        timesvr.pid        timesvr.run
wtimer.log         wtimer.pid         wtimer.run
END
BEGIN
Tue Jun 30 14:11:19 EDT 1998
 8 S 60001   301   296  0  66 24 f5fc9330    524 f5cf0f86 ?        0:00 timesvr
 8 S 60001   292   283  1  53 24 f615c668    527 f5cf0d56 ?        0:00 wtimer
 8 S 60001   300   296  0  56 24 f5fc8670    524 f5cf0d7e ?        0:00 timesvr
 8 S 60001   296   283  0  76 24 f6514020    524 f64be02e ?        0:00 timesvr
IPC status from <running system> as of Tue Jun 30 14:11:25 1998
Message Queue facility not in system.
Shared Memory:
m    100 0x0000044f --rw-rw-rw-   nobody   nobody
m    101 0x00000450 --rw-rw-rw-   nobody   nobody
Semaphores:
s  65536 0x0000044f --ra-ra-ra-   nobody   nobody
s  65537 0x00000450 --ra-ra-ra-   nobody   nobody
start_servers.log  timesvr.log        timesvr.pid        timesvr.run
wtimer.log         wtimer.pid         wtimer.run
END
BEGIN
Tue Jun 30 20:55:38 EDT 1998
 8 S 60001  1016  1003  1  79 24 f5fc9330    524 f64bde36 ?        0:00 timesvr
 8 S 60001  1012  1003  1  53 24 f6557680    527 f64be02e ?        0:00 wtimer
 8 S 60001  1021  1016  0  69 24 f660c020    524 f64bdf26 ?        0:00 timesvr
 8 S 60001  1020  1016  0  59 24 f5fc8670    524 f63d3cde ?        0:00 timesvr
IPC status from <running system> as of Tue Jun 30 20:55:43 1998
Message Queue facility not in system.
Shared Memory:
m    200 0x0000044f --rw-rw-rw-   nobody   nobody
m    201 0x00000450 --rw-rw-rw-   nobody   nobody
Semaphores:
s 131072 0x0000044f --ra-ra-ra-   nobody   nobody
s 131073 0x00000450 --ra-ra-ra-   nobody   nobody
start_servers.log  timesvr.log        timesvr.pid        timesvr.run
wtimer.log         wtimer.pid         wtimer.run
END
BEGIN
Tue Jun 30 21:04:33 EDT 1998
 8 S 60001  1016     1  0  79 24 f5fc9330    524 f64bde36 ?        0:00 timesvr
 8 S 60001  1012     1  0  53 24 f6557680    527 f64be02e ?        0:00 wtimer
 8 S 60001  1052  1043  0  53 24 f63b2988    527 f64be2fe ?        0:00 wtimer
 8 S 60001  1021  1016  0  53 24 f660c020    524 f64bdf26 ?        0:00 timesvr
 8 S 60001  1056  1043  1  99 24 f660cce0    524 f5cf0946 ?        0:00 timesvr
 8 S 60001  1020  1016  0  53 24 f5fc8670    524 f63d3cde ?        0:00 timesvr
IPC status from <running system> as of Tue Jun 30 21:04:38 1998
Message Queue facility not in system.
Shared Memory:
m    200 0x0000044f --rw-rw-rw-   nobody   nobody
m    201 0x00000450 --rw-rw-rw-   nobody   nobody
Semaphores:
s 131072 0x0000044f --ra-ra-ra-   nobody   nobody
s 131073 0x00000450 --ra-ra-ra-   nobody   nobody
start_servers.log  timesvr.log        timesvr.pid        timesvr.run
wtimer.log         wtimer.pid         wtimer.run
END
BEGIN
Sat Jul  4 12:33:43 EDT 1998
 8 S 60001 10391 10382  0  53 24 f66e9cc0    527 f5ecae26 ?        0:00 wtimer
 8 S 60001 10400 10395  0  67 24 f5fc9330    524 f5cf0a36 ?        0:00 timesvr
 8 S 60001 10395 10382  1  77 24 f66e8340    524 f5eca9ee ?        0:00 timesvr
 8 S 60001 10399 10395  0  57 24 f6461338    524 f5ecad86 ?        0:00 timesvr
IPC status from <running system> as of Sat Jul  4 12:33:49 1998
Message Queue facility not in system.
Shared Memory:
m    300 0x0000044f --rw-rw-rw-   nobody   nobody
m    301 0x00000450 --rw-rw-rw-   nobody   nobody
Semaphores:
s 196608 0x0000044f --ra-ra-ra-   nobody   nobody
s 196609 0x00000450 --ra-ra-ra-   nobody   nobody
start_servers.log  timesvr.log        timesvr.pid        timesvr.run
wtimer.log         wtimer.pid         wtimer.run
END
BEGIN
Wed Jul  8 00:03:51 EDT 1998
 8 S 60001 20560 20547  1  96 24 f61cccc0    524 f66e1896 ?        0:00 timesvr
 8 S 60001 20564 20560  0  76 24 f636a020    524 f66e17ce ?        0:00 timesvr
 8 S 60001 20565 20560  0  86 24 f6514ce0    524 f66e1986 ?        0:00 timesvr
 8 S 60001 20556 20547  1  53 24 f6558340    527 f66e1f9e ?        0:00 wtimer
IPC status from <running system> as of Wed Jul  8 00:03:56 1998
Message Queue facility not in system.
Shared Memory:
m    400 0x0000044f --rw-rw-rw-   nobody   nobody
m    401 0x00000450 --rw-rw-rw-   nobody   nobody
Semaphores:
s 262144 0x0000044f --ra-ra-ra-   nobody   nobody
s 262145 0x00000450 --ra-ra-ra-   nobody   nobody
start_servers.log  timesvr.log        timesvr.pid        timesvr.run
wtimer.log         wtimer.pid         wtimer.run
END
BEGIN
Thu Jul  9 22:19:48 EDT 1998
 8 S 60001 27080 27067  1  75 24 f60a4660    524 f671b376 ?        0:00 timesvr
 8 S 60001 27076 27067  0  53 24 f63b2988    527 f5eca476 ?        0:00 wtimer
 8 S 60001 27084 27080  0  55 24 f60a4000    524 f671b326 ?        0:00 timesvr
 8 S 60001 27085 27080  0  65 24 f6198340    524 f671b2d6 ?        0:00 timesvr
IPC status from <running system> as of Thu Jul  9 22:19:53 1998
Message Queue facility not in system.
Shared Memory:
m    500 0x0000044f --rw-rw-rw-   nobody   nobody
m    501 0x00000450 --rw-rw-rw-   nobody   nobody
Semaphores:
s 327680 0x0000044f --ra-ra-ra-   nobody   nobody
s 327681 0x00000450 --ra-ra-ra-   nobody   nobody
start_servers.log  timesvr.log        timesvr.pid        timesvr.run
wtimer.log         wtimer.pid         wtimer.run
END
BEGIN
Fri Jul 10 12:09:04 EDT 1998
 8 S 60001 28468 28463  0  86 24 f6514ce0    524 f671b056 ?        0:00 timesvr
 8 S 60001 28463 28450  0  96 24 f63b2328    524 f66e12f6 ?        0:00 timesvr
 8 S 60001 28467 28463  0  76 24 f658c000    524 f671b84e ?        0:00 timesvr
 8 S 60001 28459 28450  0  53 24 f60a4cc0    527 f671b4b6 ?        0:00 wtimer
IPC status from <running system> as of Fri Jul 10 12:09:09 1998
Message Queue facility not in system.
Shared Memory:
m    600 0x0000044f --rw-rw-rw-   nobody   nobody
m    601 0x00000450 --rw-rw-rw-   nobody   nobody
Semaphores:
s 393216 0x0000044f --ra-ra-ra-   nobody   nobody
s 393217 0x00000450 --ra-ra-ra-   nobody   nobody
start_servers.log  timesvr.log        timesvr.pid        timesvr.run
wtimer.log         wtimer.pid         wtimer.run
END
BEGIN
Sat Jul 11 15:00:18 EDT 1998
 8 S 60001 12282 12273  0  53 24 f615d988    527 f5efbc6e ?        0:00 wtimer
 8 S 60001 12291 12286  0  58 24 f6173670    524 f671b9b6 ?        0:00 timesvr
 8 S 60001 12292 12286  0  68 24 f658c000    524 f5efb85e ?        0:00 timesvr
 8 S 60001 12286 12273  0  78 24 f6514ce0    524 f5efb836 ?        0:00 timesvr
IPC status from <running system> as of Sat Jul 11 15:00:23 1998
Message Queue facility not in system.
Shared Memory:
m    700 0x0000044f --rw-rw-rw-   nobody   nobody
m    701 0x00000450 --rw-rw-rw-   nobody   nobody
Semaphores:
s 458752 0x0000044f --ra-ra-ra-   nobody   nobody
s 458753 0x00000450 --ra-ra-ra-   nobody   nobody
start_servers.log  timesvr.log        timesvr.pid        timesvr.run
wtimer.log         wtimer.pid         wtimer.run
END
BEGIN
Sat Jul 11 21:29:01 EDT 1998
 8 S 60001 16253 16249  0  73 24 f65589a0    524 f5efb886 ?        0:00 timesvr
 8 S 60001 16254 16249  0  83 24 f615d988    524 f671b0ce ?        0:00 timesvr
 8 S 60001 16245 16236  1  53 24 f6173cd0    527 f5efbc6e ?        0:00 wtimer
 8 S 60001 16249 16236  1  93 24 f6173670    524 f5efb7be ?        0:00 timesvr
IPC status from <running system> as of Sat Jul 11 21:29:07 1998
Message Queue facility not in system.
Shared Memory:
m    800 0x0000044f --rw-rw-rw-   nobody   nobody
m    801 0x00000450 --rw-rw-rw-   nobody   nobody
Semaphores:
s 524288 0x0000044f --ra-ra-ra-   nobody   nobody
s 524289 0x00000450 --ra-ra-ra-   nobody   nobody
start_servers.log  timesvr.log        timesvr.pid        timesvr.run
wtimer.log         wtimer.pid         wtimer.run
END
BEGIN
Mon Jul 13 20:10:22 EDT 1998
 8 S 60001 18469 18460  0  53 24 f6198340    527 f5efb58e ?        0:00 wtimer
 8 S 60001 18477 18473  0  76 24 f6174990    524 f5efbc6e ?        0:00 timesvr
 8 S 60001 18473 18460  1  96 24 f660c680    524 f66d9896 ?        0:00 timesvr
 8 S 60001 18478 18473  0  86 24 f6174330    524 f66d99ae ?        0:00 timesvr
IPC status from <running system> as of Mon Jul 13 20:10:28 1998
Message Queue facility not in system.
Shared Memory:
m    900 0x0000044f --rw-rw-rw-   nobody   nobody
m    901 0x00000450 --rw-rw-rw-   nobody   nobody
Semaphores:
s 589824 0x0000044f --ra-ra-ra-   nobody   nobody
s 589825 0x00000450 --ra-ra-ra-   nobody   nobody
start_servers.log  timesvr.log        timesvr.pid        timesvr.run
wtimer.log         wtimer.pid         wtimer.run
END
BEGIN
Tue Jul 14 17:20:31 EDT 1998
 8 S 60001  3169  3164  0  87 24 f606b680    524 f66d97f6 ?        0:00 timesvr
 8 S 60001  3164  3151  1  97 24 f606bce0    524 f66e1efe ?        0:00 timesvr
 8 S 60001  3168  3164  0  77 24 f606b020    524 f5eca71e ?        0:00 timesvr
 8 S 60001  3160  3151  0  53 24 f60bb020    527 f66d9d1e ?        0:00 wtimer
IPC status from <running system> as of Tue Jul 14 17:20:37 1998
Message Queue facility not in system.
Shared Memory:
m   1000 0x0000044f --rw-rw-rw-   nobody   nobody
m   1001 0x00000450 --rw-rw-rw-   nobody   nobody
Semaphores:
s 655360 0x0000044f --ra-ra-ra-   nobody   nobody
s 655361 0x00000450 --ra-ra-ra-   nobody   nobody
start_servers.log  timesvr.log        timesvr.pid        timesvr.run
wtimer.log         wtimer.pid         wtimer.run
END
BEGIN
Wed Jul 15 00:08:06 EDT 1998
 8 S 60001  6861  6857  0  76 24 f62f5670    524 f66d99ae ?        0:00 timesvr
 8 S 60001  6857  6844  1  96 24 f606b680    524 f66d9d1e ?        0:00 timesvr
 8 S 60001  6862  6857  0  86 24 f62f5010    524 f66d940e ?        0:00 timesvr
 8 S 60001  6853  6844  1  53 24 f606b020    527 f66e1576 ?        0:00 wtimer
IPC status from <running system> as of Wed Jul 15 00:08:12 1998
Message Queue facility not in system.
Shared Memory:
m   1100 0x0000044f --rw-rw-rw-   nobody   nobody
m   1101 0x00000450 --rw-rw-rw-   nobody   nobody
Semaphores:
s 720896 0x0000044f --ra-ra-ra-   nobody   nobody
s 720897 0x00000450 --ra-ra-ra-   nobody   nobody
start_servers.log  timesvr.log        timesvr.pid        timesvr.run
wtimer.log         wtimer.pid         wtimer.run
END
BEGIN
Sat Jul 18 08:50:26 EDT 1998
 8 S 60001 28504 28495  0  53 24 f6461338    527 f5c82fce ?        0:00 wtimer
 8 S 60001 28508 28495  0  96 24 f606b020    524 f5c82a56 ?        0:00 timesvr
 8 S 60001 28513 28508  0  86 24 f6198340    524 f5fe3b76 ?        0:00 timesvr
 8 S 60001 28512 28508  0  76 24 f658ccc0    524 f5fe38ce ?        0:00 timesvr
IPC status from <running system> as of Sat Jul 18 08:50:32 1998
Message Queue facility not in system.
Shared Memory:
m   1200 0x0000044f --rw-rw-rw-   nobody   nobody
m   1201 0x00000450 --rw-rw-rw-   nobody   nobody
Semaphores:
s 786432 0x0000044f --ra-ra-ra-   nobody   nobody
s 786433 0x00000450 --ra-ra-ra-   nobody   nobody
start_servers.log  timesvr.log        timesvr.pid        timesvr.run
wtimer.log         wtimer.pid         wtimer.run
END
BEGIN
Sun Jul 19 00:53:53 EDT 1998
 8 S 60001  2130  2125  0  75 24 f63b2328    524 f5fe3496 ?        0:00 timesvr
 8 S 60001  2125  2108  1  75 24 f658c660    524 f5fe36ee ?        0:00 timesvr
 8 S 60001  2120  2108  1  53 24 f606c9a0    527 f5fe33a6 ?        0:00 wtimer
 8 S 60001  2129  2125  0  55 24 f606b680    524 f5fe35ae ?        0:00 timesvr
IPC status from <running system> as of Sun Jul 19 00:53:59 1998
Message Queue facility not in system.
Shared Memory:
m   1300 0x0000044f --rw-rw-rw-   nobody   nobody
m   1301 0x00000450 --rw-rw-rw-   nobody   nobody
Semaphores:
s 851968 0x0000044f --ra-ra-ra-   nobody   nobody
s 851969 0x00000450 --ra-ra-ra-   nobody   nobody
start_servers.log  timesvr.log        timesvr.pid        timesvr.run
wtimer.log         wtimer.pid         wtimer.run
END
BEGIN
Sun Jul 19 13:14:44 EDT 1998
 8 S 60001  5101  5096  0  88 24 f606c9a0    524 f5fe38ce ?        0:00 timesvr
 8 S 60001  5096  5083  1  98 24 f615d328    524 f5fe36ee ?        0:00 timesvr
 8 S 60001  5100  5096  0  78 24 f606b680    524 f5fe319e ?        0:00 timesvr
 8 S 60001  5092  5083  1  53 24 f6514ce0    527 f5fe3216 ?        0:00 wtimer
IPC status from <running system> as of Sun Jul 19 13:14:50 1998
Message Queue facility not in system.
Shared Memory:
m   1400 0x0000044f --rw-rw-rw-   nobody   nobody
m   1401 0x00000450 --rw-rw-rw-   nobody   nobody
Semaphores:
s 917504 0x0000044f --ra-ra-ra-   nobody   nobody
s 917505 0x00000450 --ra-ra-ra-   nobody   nobody
start_servers.log  timesvr.log        timesvr.pid        timesvr.run
wtimer.log         wtimer.pid         wtimer.run
END
BEGIN
Sun Jul 19 17:26:39 EDT 1998
 8 S 60001  6100  6091  1  53 24 f636b9a0    527 f5fe3a86 ?        0:00 wtimer
 8 S 60001  6109  6104  0  73 24 f606b680    524 f5fe3216 ?        0:00 timesvr
 8 S 60001  6108  6104  0  63 24 f6198340    524 f5cf02de ?        0:00 timesvr
 8 S 60001  6104  6091  0  83 24 f6461338    524 f5fe373e ?        0:00 timesvr
IPC status from <running system> as of Sun Jul 19 17:26:45 1998
Message Queue facility not in system.
Shared Memory:
m   1500 0x0000044f --rw-rw-rw-   nobody   nobody
m   1501 0x00000450 --rw-rw-rw-   nobody   nobody
Semaphores:
s 983040 0x0000044f --ra-ra-ra-   nobody   nobody
s 983041 0x00000450 --ra-ra-ra-   nobody   nobody
start_servers.log  timesvr.log        timesvr.pid        timesvr.run
wtimer.log         wtimer.pid         wtimer.run
END
BEGIN
Mon Jul 20 13:04:11 EDT 1998
 8 S 60001 13095 13085  0  86 24 f6174330    524 f5cf02de ?        0:00 timesvr
 8 S 60001 13077 13066  1  53 24 f658c000    527 f5fe373e ?        0:00 wtimer
 8 S 60001 13085 13066  1  96 24 f61cc000    524 f5e5f3be ?        0:00 timesvr
 8 S 60001 13094 13085  0  76 24 f636b9a0    524 f5e5fb66 ?        0:00 timesvr
IPC status from <running system> as of Mon Jul 20 13:04:17 1998
Message Queue facility not in system.
Shared Memory:
m   1600 0x0000044f --rw-rw-rw-   nobody   nobody
m   1601 0x00000450 --rw-rw-rw-   nobody   nobody
Semaphores:
s1048576 0x0000044f --ra-ra-ra-   nobody   nobody
s1048577 0x00000450 --ra-ra-ra-   nobody   nobody
start_servers.log  timesvr.log        timesvr.pid        timesvr.run
wtimer.log         wtimer.pid         wtimer.run
END
BEGIN
Sat Jul 25 07:13:21 EDT 1998
 8 S 60001 26065 26052  1  99 24 f6557ce0    524 f6735c5e ?        0:00 timesvr
 8 S 60001 26061 26052  0  53 24 f6173010    527 f66fc086 ?        0:00 wtimer
 8 S 60001 26069 26065  0  81 24 f62f5cd0    524 f66fc05e ?        0:00 timesvr
 8 S 60001 26070 26065  0  91 24 f6197680    524 f66fc14e ?        0:00 timesvr
IPC status from <running system> as of Sat Jul 25 07:13:27 1998
Message Queue facility not in system.
Shared Memory:
m   1700 0x0000044f --rw-rw-rw-   nobody   nobody
m   1701 0x00000450 --rw-rw-rw-   nobody   nobody
Semaphores:
s1114112 0x0000044f --ra-ra-ra-   nobody   nobody
s1114113 0x00000450 --ra-ra-ra-   nobody   nobody
start_servers.log  timesvr.log        timesvr.pid        timesvr.run
wtimer.log         wtimer.pid         wtimer.run
END
BEGIN
Sat Jul 25 13:36:15 EDT 1998
 8 S 60001 27589 27576  1  99 24 f641ace0    524 f66fcd56 ?        0:00 timesvr
 8 S 60001 27593 27589  0  88 24 f6197680    524 f673593e ?        0:00 timesvr
 8 S 60001 27585 27576  0  53 24 f62f5cd0    527 f5fe3266 ?        0:00 wtimer
 8 S 60001 27594 27589  0  98 24 f6461338    524 f66fc126 ?        0:00 timesvr
IPC status from <running system> as of Sat Jul 25 13:36:20 1998
Message Queue facility not in system.
Shared Memory:
m   1800 0x0000044f --rw-rw-rw-   nobody   nobody
m   1801 0x00000450 --rw-rw-rw-   nobody   nobody
Semaphores:
s1179648 0x0000044f --ra-ra-ra-   nobody   nobody
s1179649 0x00000450 --ra-ra-ra-   nobody   nobody
start_servers.log  timesvr.log        timesvr.pid        timesvr.run
wtimer.log         wtimer.pid         wtimer.run
END
BEGIN
Mon Jul 27 11:56:02 EDT 1998
 8 S 60001  9086  9082  0  76 24 f620e660    524 f5e79f76 ?        0:00 timesvr
 8 S 60001  9077  9068  0  53 24 f5dd6330    527 f66fcf5e ?        0:00 wtimer
 8 S 60001  9082  9068  1  96 24 f65159a0    524 f5e5fdbe ?        0:00 timesvr
 8 S 60001  9087  9082  0  86 24 f6173670    524 f66fca36 ?        0:00 timesvr
IPC status from <running system> as of Mon Jul 27 11:56:07 1998
Message Queue facility not in system.
Shared Memory:
m   1900 0x0000044f --rw-rw-rw-   nobody   nobody
m   1901 0x00000450 --rw-rw-rw-   nobody   nobody
Semaphores:
s1245184 0x0000044f --ra-ra-ra-   nobody   nobody
s1245185 0x00000450 --ra-ra-ra-   nobody   nobody
start_servers.log  timesvr.log        timesvr.pid        timesvr.run
wtimer.log         wtimer.pid         wtimer.run
END
BEGIN
Mon Jul 27 11:56:37 EDT 1998
 8 S 60001  9112  9099  0  98 24 f606b020    524 f6735ede ?        0:00 timesvr
 8 S 60001  9086  9082  0  39 24 f620e660    524 f5bd3528 ?        0:00 timesvr
 8 S 60001  9077     1  0  53 24 f5dd6330    527 f66fcf5e ?        0:00 wtimer
 8 S 60001  9082     1  0  96 24 f65159a0    524 f5e5fdbe ?        0:00 timesvr
 8 S 60001  9108  9099  0  53 24 f6514680    527 f5e5f95e ?        0:00 wtimer
 8 S 60001  9087  9082  0  59 24 f6173670    524 f66fca36 ?        0:00 timesvr
IPC status from <running system> as of Mon Jul 27 11:56:42 1998
Message Queue facility not in system.
Shared Memory:
m   1900 0x0000044f --rw-rw-rw-   nobody   nobody
m   1901 0x00000450 --rw-rw-rw-   nobody   nobody
Semaphores:
s1245184 0x0000044f --ra-ra-ra-   nobody   nobody
s1245185 0x00000450 --ra-ra-ra-   nobody   nobody
start_servers.log  timesvr.log        timesvr.pid        timesvr.run
wtimer.log         wtimer.pid         wtimer.run
END
BEGIN
Wed Jul 29 05:56:13 EDT 1998
 8 S 60001 28922 28909  1  77 24 f6231678    524 f5e7927e ?        0:00 timesvr
 8 S 60001 28927 28922  0  67 24 f62f5cd0    524 f5e79d46 ?        0:00 timesvr
 8 S 60001 28926 28922  0  57 24 f6173cd0    524 f5e7931e ?        0:00 timesvr
 8 S 60001 28918 28909  0  53 24 f611e000    527 f5e791de ?        0:00 wtimer
IPC status from <running system> as of Wed Jul 29 05:56:18 1998
Message Queue facility not in system.
Shared Memory:
m   2000 0x0000044f --rw-rw-rw-   nobody   nobody
m   2001 0x00000450 --rw-rw-rw-   nobody   nobody
Semaphores:
s1310720 0x0000044f --ra-ra-ra-   nobody   nobody
s1310721 0x00000450 --ra-ra-ra-   nobody   nobody
start_servers.log  timesvr.log        timesvr.pid        timesvr.run
wtimer.log         wtimer.pid         wtimer.run
END
BEGIN
Fri Jul 31 09:03:24 EDT 1998
 8 S 60001 17358 17353  0  86 24 f6514020    524 f5dd85d6 ?        0:00 timesvr
 8 S 60001 17349 17340  0  53 24 f641a020    527 f5dd8a36 ?        0:00 wtimer
 8 S 60001 17357 17353  0  76 24 f6557680    524 f67351e6 ?        0:00 timesvr
 8 S 60001 17353 17340  0  96 24 f61cc000    524 f5dd8266 ?        0:00 timesvr
IPC status from <running system> as of Fri Jul 31 09:03:30 1998
Message Queue facility not in system.
Shared Memory:
m   2100 0x0000044f --rw-rw-rw-   nobody   nobody
m   2101 0x00000450 --rw-rw-rw-   nobody   nobody
Semaphores:
s1376256 0x0000044f --ra-ra-ra-   nobody   nobody
s1376257 0x00000450 --ra-ra-ra-   nobody   nobody
start_servers.log  timesvr.log        timesvr.pid        timesvr.run
wtimer.log         wtimer.pid         wtimer.run
END
BEGIN
Sun Aug  2 00:25:17 EDT 1998
 8 S 60001 28105 28096  1  53 24 f6557680    527 f59543fe ?        0:00 wtimer
 8 S 60001 28110 28096  0  73 24 f61ee988    524 f5954976 ?        0:00 timesvr
 8 S 60001 28115 28110  0  63 24 f5dd6330    524 f59543d6 ?        0:00 timesvr
 8 S 60001 28114 28110  0  53 24 f5da6980    524 f5954476 ?        0:00 timesvr
IPC status from <running system> as of Sun Aug  2 00:25:23 1998
Message Queue facility not in system.
Shared Memory:
m   2200 0x0000044f --rw-rw-rw-   nobody   nobody
m   2201 0x00000450 --rw-rw-rw-   nobody   nobody
Semaphores:
s1441792 0x0000044f --ra-ra-ra-   nobody   nobody
s1441793 0x00000450 --ra-ra-ra-   nobody   nobody
start_servers.log  timesvr.log        timesvr.pid        timesvr.run
wtimer.log         wtimer.pid         wtimer.run
END
BEGIN
Tue Aug  4 08:17:44 EDT 1998
 8 S 60001  2564  2551  1  79 24 f612c988    524 f64b614e ?        0:00 timesvr
 8 S 60001  2560  2551  0  53 24 f65c3330    527 f61c0286 ?        0:00 wtimer
 8 S 60001  2569  2564  0  69 24 f6520988    524 f64b6216 ?        0:00 timesvr
 8 S 60001  2568  2564  0  59 24 f620ccd0    524 f61c0876 ?        0:00 timesvr
IPC status from <running system> as of Tue Aug  4 08:17:50 1998
Message Queue facility not in system.
Shared Memory:
m      0 0x0000044f --rw-rw-rw-   nobody   nobody
m      1 0x00000450 --rw-rw-rw-   nobody   nobody
Semaphores:
s      0 0x0000044f --ra-ra-ra-   nobody   nobody
s      1 0x00000450 --ra-ra-ra-   nobody   nobody
start_servers.log  timesvr.log        timesvr.pid        timesvr.run
wtimer.log         wtimer.pid         wtimer.run
END
BEGIN
Wed Aug  5 14:12:52 EDT 1998
 8 S 60001 17832 17823  1  53 24 f6341020    527 f625e80e ?        0:00 wtimer
 8 S 60001 17840 17836  0  96 24 f63429a0    524 f5f0ce5e ?        0:00 timesvr
 8 S 60001 17836 17823  1  99 24 f620d330    524 f64b6a0e ?        0:00 timesvr
 8 S 60001 17841 17836  0  99 24 f651f668    524 f625ecbe ?        0:00 timesvr
IPC status from <running system> as of Wed Aug  5 14:12:58 1998
Message Queue facility not in system.
Shared Memory:
m    100 0x0000044f --rw-rw-rw-   nobody   nobody
m    101 0x00000450 --rw-rw-rw-   nobody   nobody
Semaphores:
s  65536 0x0000044f --ra-ra-ra-   nobody   nobody
s  65537 0x00000450 --ra-ra-ra-   nobody   nobody
start_servers.log  timesvr.log        timesvr.pid        timesvr.run
wtimer.log         wtimer.pid         wtimer.run
END
BEGIN
Wed Aug  5 18:02:11 EDT 1998
 8 S 60001 20188 20174  0  86 24 f5dd2670    524 f625e886 ?        0:00 timesvr
 8 S 60001 20184 20174  1  53 24 f612bcc8    527 f625e976 ?        0:00 wtimer
 8 S 60001 20192 20188  0  66 24 f620d330    524 f5f0cf76 ?        0:00 timesvr
 8 S 60001 20193 20188  0  76 24 f63429a0    524 f625e836 ?        0:00 timesvr
IPC status from <running system> as of Wed Aug  5 18:02:16 1998
Message Queue facility not in system.
Shared Memory:
m    200 0x0000044f --rw-rw-rw-   nobody   nobody
m    201 0x00000450 --rw-rw-rw-   nobody   nobody
Semaphores:
s 131072 0x0000044f --ra-ra-ra-   nobody   nobody
s 131073 0x00000450 --ra-ra-ra-   nobody   nobody
start_servers.log  timesvr.log        timesvr.pid        timesvr.run
wtimer.log         wtimer.pid         wtimer.run
END
BEGIN
Sat Aug  8 21:19:42 EDT 1998
 8 S 60001 13900 13891  1  53 24 f6415988    527 f63c76e6 ?        0:00 wtimer
 8 S 60001 13909 13904  0  75 24 f651f008    524 f641aa5e ?        0:00 timesvr
 8 S 60001 13904 13891  1  85 24 f64e1980    524 f641aa36 ?        0:00 timesvr
 8 S 60001 13908 13904  0  65 24 f65c2670    524 f641ae6e ?        0:00 timesvr
IPC status from <running system> as of Sat Aug  8 21:19:48 1998
Message Queue facility not in system.
Shared Memory:
m    300 0x0000044f --rw-rw-rw-   nobody   nobody
m    301 0x00000450 --rw-rw-rw-   nobody   nobody
Semaphores:
s 196608 0x0000044f --ra-ra-ra-   nobody   nobody
s 196609 0x00000450 --ra-ra-ra-   nobody   nobody
start_servers.log  timesvr.log        timesvr.pid        timesvr.run
wtimer.log         wtimer.pid         wtimer.run
END
BEGIN
Sun Aug  9 13:28:50 EDT 1998
 8 S 60001 16936 16923  1  99 24 f6415328    524 f641a82e ?        0:00 timesvr
 8 S 60001 16932 16923  1  53 24 f64e1980    527 f641a766 ?        0:00 wtimer
 8 S 60001 16941 16936  0  96 24 f5da3320    524 f641a8a6 ?        0:00 timesvr
 8 S 60001 16940 16936  0  86 24 f620d330    524 f641ab76 ?        0:00 timesvr
IPC status from <running system> as of Sun Aug  9 13:28:55 1998
Message Queue facility not in system.
Shared Memory:
m    400 0x0000044f --rw-rw-rw-   nobody   nobody
m    401 0x00000450 --rw-rw-rw-   nobody   nobody
Semaphores:
s 262144 0x0000044f --ra-ra-ra-   nobody   nobody
s 262145 0x00000450 --ra-ra-ra-   nobody   nobody
start_servers.log  timesvr.log        timesvr.pid        timesvr.run
wtimer.log         wtimer.pid         wtimer.run
END
BEGIN
Sun Aug  9 14:29:51 EDT 1998
 8 S 60001 17200 17195  0  99 24 f64e1320    524 f641a626 ?        0:00 timesvr
 8 S 60001 17199 17195  0  96 24 f6415988    524 f641a78e ?        0:00 timesvr
 8 S 60001 17195 17182  1  99 24 f65c3330    524 f641a8a6 ?        0:00 timesvr
 8 S 60001 17191 17182  0  53 24 f6415328    527 f641ad2e ?        0:00 wtimer
IPC status from <running system> as of Sun Aug  9 14:29:56 1998
Message Queue facility not in system.
Shared Memory:
m    500 0x0000044f --rw-rw-rw-   nobody   nobody
m    501 0x00000450 --rw-rw-rw-   nobody   nobody
Semaphores:
s 327680 0x0000044f --ra-ra-ra-   nobody   nobody
s 327681 0x00000450 --ra-ra-ra-   nobody   nobody
start_servers.log  timesvr.log        timesvr.pid        timesvr.run
wtimer.log         wtimer.pid         wtimer.run
END
